<?xml version="1.0" encoding="UTF-8"?>
<testng-results ignored="0" total="1" passed="1" failed="0" skipped="0">
  <reporter-output>
  </reporter-output>
  <suite started-at="2025-06-23T23:48:39 IST" name="Suite" finished-at="2025-06-23T23:48:59 IST" duration-ms="19624">
    <groups>
    </groups>
    <test started-at="2025-06-23T23:48:39 IST" name="Test" finished-at="2025-06-23T23:48:59 IST" duration-ms="19624">
      <class name="tests.DynamicLoadingTest">
        <test-method is-config="true" signature="setUp(java.lang.String,java.lang.String)[pri:0, instance:tests.DynamicLoadingTest@662b4c69]" started-at="2025-06-23T23:48:39 IST" name="setUp" finished-at="2025-06-23T23:48:50 IST" duration-ms="10400" status="PASS">
          <params>
            <param index="0">
              <value>
                <![CDATA[Edge]]>
              </value>
            </param>
            <param index="1">
              <value>
                <![CDATA[https://the-internet.herokuapp.com]]>
              </value>
            </param>
          </params>
          <reporter-output>
          </reporter-output>
        </test-method> <!-- setUp -->
        <test-method signature="testDynamicTest()[pri:0, instance:tests.DynamicLoadingTest@662b4c69]" started-at="2025-06-23T23:48:50 IST" name="testDynamicTest" finished-at="2025-06-23T23:48:58 IST" duration-ms="8065" status="PASS">
          <reporter-output>
          </reporter-output>
        </test-method> <!-- testDynamicTest -->
        <test-method is-config="true" signature="tearDown()[pri:0, instance:tests.DynamicLoadingTest@662b4c69]" started-at="2025-06-23T23:48:58 IST" name="tearDown" finished-at="2025-06-23T23:48:59 IST" duration-ms="1094" status="PASS">
          <reporter-output>
          </reporter-output>
        </test-method> <!-- tearDown -->
      </class> <!-- tests.DynamicLoadingTest -->
    </test> <!-- Test -->
  </suite> <!-- Suite -->
</testng-results>
